Analysis & Synthesis report for Main
Tue Jun 10 07:49:11 2014
Quartus II 64-Bit Version 13.0.1 Build 232 06/12/2013 Service Pack 1 SJ Web Edition


---------------------
; Table of Contents ;
---------------------
  1. Legal Notice
  2. Analysis & Synthesis Summary
  3. Analysis & Synthesis Settings
  4. Parallel Compilation
  5. Analysis & Synthesis Source Files Read
  6. Analysis & Synthesis Resource Usage Summary
  7. Analysis & Synthesis Resource Utilization by Entity
  8. Analysis & Synthesis RAM Summary
  9. State Machine - |Main|State
 10. Registers Removed During Synthesis
 11. General Register Statistics
 12. Inverted Register Statistics
 13. Registers Packed Into Inferred Megafunctions
 14. Multiplexer Restructuring Statistics (Restructuring Performed)
 15. Source assignments for Registers:R1|altsyncram:Ram0_rtl_0|altsyncram_or61:auto_generated
 16. Parameter Settings for Inferred Entity Instance: Registers:R1|altsyncram:Ram0_rtl_0
 17. altsyncram Parameter Settings by Entity Instance
 18. Port Connectivity Checks: "Cache:C1|randomizer:R1"
 19. Port Connectivity Checks: "Cache:C1"
 20. Port Connectivity Checks: "Operator:O1|randomizer:R1"
 21. Elapsed Time Per Partition
 22. Analysis & Synthesis Messages



----------------
; Legal Notice ;
----------------
Copyright (C) 1991-2013 Altera Corporation
Your use of Altera Corporation's design tools, logic functions 
and other software and tools, and its AMPP partner logic 
functions, and any output files from any of the foregoing 
(including device programming or simulation files), and any 
associated documentation or information are expressly subject 
to the terms and conditions of the Altera Program License 
Subscription Agreement, Altera MegaCore Function License 
Agreement, or other applicable license agreement, including, 
without limitation, that your use is for the sole purpose of 
programming logic devices manufactured by Altera and sold by 
Altera or its authorized distributors.  Please refer to the 
applicable agreement for further details.



+--------------------------------------------------------------------------------------+
; Analysis & Synthesis Summary                                                         ;
+------------------------------------+-------------------------------------------------+
; Analysis & Synthesis Status        ; Successful - Tue Jun 10 07:49:11 2014           ;
; Quartus II 64-Bit Version          ; 13.0.1 Build 232 06/12/2013 SP 1 SJ Web Edition ;
; Revision Name                      ; Main                                            ;
; Top-level Entity Name              ; Main                                            ;
; Family                             ; Cyclone IV E                                    ;
; Total logic elements               ; 87                                              ;
;     Total combinational functions  ; 34                                              ;
;     Dedicated logic registers      ; 72                                              ;
; Total registers                    ; 72                                              ;
; Total pins                         ; 56                                              ;
; Total virtual pins                 ; 0                                               ;
; Total memory bits                  ; 1,024                                           ;
; Embedded Multiplier 9-bit elements ; 0                                               ;
; Total PLLs                         ; 0                                               ;
+------------------------------------+-------------------------------------------------+


+----------------------------------------------------------------------------------------------------------------------+
; Analysis & Synthesis Settings                                                                                        ;
+----------------------------------------------------------------------------+--------------------+--------------------+
; Option                                                                     ; Setting            ; Default Value      ;
+----------------------------------------------------------------------------+--------------------+--------------------+
; Device                                                                     ; EP4CE115F29C7      ;                    ;
; Top-level entity name                                                      ; Main               ; Main               ;
; Family name                                                                ; Cyclone IV E       ; Cyclone IV GX      ;
; Use smart compilation                                                      ; Off                ; Off                ;
; Enable parallel Assembler and TimeQuest Timing Analyzer during compilation ; On                 ; On                 ;
; Enable compact report table                                                ; Off                ; Off                ;
; Restructure Multiplexers                                                   ; Auto               ; Auto               ;
; Create Debugging Nodes for IP Cores                                        ; Off                ; Off                ;
; Preserve fewer node names                                                  ; On                 ; On                 ;
; Disable OpenCore Plus hardware evaluation                                  ; Off                ; Off                ;
; Verilog Version                                                            ; Verilog_2001       ; Verilog_2001       ;
; VHDL Version                                                               ; VHDL_1993          ; VHDL_1993          ;
; State Machine Processing                                                   ; Auto               ; Auto               ;
; Safe State Machine                                                         ; Off                ; Off                ;
; Extract Verilog State Machines                                             ; On                 ; On                 ;
; Extract VHDL State Machines                                                ; On                 ; On                 ;
; Ignore Verilog initial constructs                                          ; Off                ; Off                ;
; Iteration limit for constant Verilog loops                                 ; 5000               ; 5000               ;
; Iteration limit for non-constant Verilog loops                             ; 250                ; 250                ;
; Add Pass-Through Logic to Inferred RAMs                                    ; On                 ; On                 ;
; Infer RAMs from Raw Logic                                                  ; On                 ; On                 ;
; Parallel Synthesis                                                         ; On                 ; On                 ;
; DSP Block Balancing                                                        ; Auto               ; Auto               ;
; NOT Gate Push-Back                                                         ; On                 ; On                 ;
; Power-Up Don't Care                                                        ; On                 ; On                 ;
; Remove Redundant Logic Cells                                               ; Off                ; Off                ;
; Remove Duplicate Registers                                                 ; On                 ; On                 ;
; Ignore CARRY Buffers                                                       ; Off                ; Off                ;
; Ignore CASCADE Buffers                                                     ; Off                ; Off                ;
; Ignore GLOBAL Buffers                                                      ; Off                ; Off                ;
; Ignore ROW GLOBAL Buffers                                                  ; Off                ; Off                ;
; Ignore LCELL Buffers                                                       ; Off                ; Off                ;
; Ignore SOFT Buffers                                                        ; On                 ; On                 ;
; Limit AHDL Integers to 32 Bits                                             ; Off                ; Off                ;
; Optimization Technique                                                     ; Balanced           ; Balanced           ;
; Carry Chain Length                                                         ; 70                 ; 70                 ;
; Auto Carry Chains                                                          ; On                 ; On                 ;
; Auto Open-Drain Pins                                                       ; On                 ; On                 ;
; Perform WYSIWYG Primitive Resynthesis                                      ; Off                ; Off                ;
; Auto ROM Replacement                                                       ; On                 ; On                 ;
; Auto RAM Replacement                                                       ; On                 ; On                 ;
; Auto DSP Block Replacement                                                 ; On                 ; On                 ;
; Auto Shift Register Replacement                                            ; Auto               ; Auto               ;
; Allow Shift Register Merging across Hierarchies                            ; Auto               ; Auto               ;
; Auto Clock Enable Replacement                                              ; On                 ; On                 ;
; Strict RAM Replacement                                                     ; Off                ; Off                ;
; Allow Synchronous Control Signals                                          ; On                 ; On                 ;
; Force Use of Synchronous Clear Signals                                     ; Off                ; Off                ;
; Auto RAM Block Balancing                                                   ; On                 ; On                 ;
; Auto RAM to Logic Cell Conversion                                          ; Off                ; Off                ;
; Auto Resource Sharing                                                      ; Off                ; Off                ;
; Allow Any RAM Size For Recognition                                         ; Off                ; Off                ;
; Allow Any ROM Size For Recognition                                         ; Off                ; Off                ;
; Allow Any Shift Register Size For Recognition                              ; Off                ; Off                ;
; Use LogicLock Constraints during Resource Balancing                        ; On                 ; On                 ;
; Ignore translate_off and synthesis_off directives                          ; Off                ; Off                ;
; Timing-Driven Synthesis                                                    ; On                 ; On                 ;
; Report Parameter Settings                                                  ; On                 ; On                 ;
; Report Source Assignments                                                  ; On                 ; On                 ;
; Report Connectivity Checks                                                 ; On                 ; On                 ;
; Ignore Maximum Fan-Out Assignments                                         ; Off                ; Off                ;
; Synchronization Register Chain Length                                      ; 2                  ; 2                  ;
; PowerPlay Power Optimization                                               ; Normal compilation ; Normal compilation ;
; HDL message level                                                          ; Level2             ; Level2             ;
; Suppress Register Optimization Related Messages                            ; Off                ; Off                ;
; Number of Removed Registers Reported in Synthesis Report                   ; 5000               ; 5000               ;
; Number of Swept Nodes Reported in Synthesis Report                         ; 5000               ; 5000               ;
; Number of Inverted Registers Reported in Synthesis Report                  ; 100                ; 100                ;
; Clock MUX Protection                                                       ; On                 ; On                 ;
; Auto Gated Clock Conversion                                                ; Off                ; Off                ;
; Block Design Naming                                                        ; Auto               ; Auto               ;
; SDC constraint protection                                                  ; Off                ; Off                ;
; Synthesis Effort                                                           ; Auto               ; Auto               ;
; Shift Register Replacement - Allow Asynchronous Clear Signal               ; On                 ; On                 ;
; Pre-Mapping Resynthesis Optimization                                       ; Off                ; Off                ;
; Analysis & Synthesis Message Level                                         ; Medium             ; Medium             ;
; Disable Register Merging Across Hierarchies                                ; Auto               ; Auto               ;
; Resource Aware Inference For Block RAM                                     ; On                 ; On                 ;
; Synthesis Seed                                                             ; 1                  ; 1                  ;
+----------------------------------------------------------------------------+--------------------+--------------------+


Parallel compilation was disabled, but you have multiple processors available. Enable parallel compilation to reduce compilation time.
+-------------------------------------+
; Parallel Compilation                ;
+----------------------------+--------+
; Processors                 ; Number ;
+----------------------------+--------+
; Number detected on machine ; 4      ;
; Maximum allowed            ; 1      ;
+----------------------------+--------+


+--------------------------------------------------------------------------------------------------------------------------------------------------------------------------------------------------------------------+
; Analysis & Synthesis Source Files Read                                                                                                                                                                             ;
+-----------------------------------------+-----------------+-------------------------------------------------------+--------------------------------------------------------------------------------------+---------+
; File Name with User-Entered Path        ; Used in Netlist ; File Type                                             ; File Name with Absolute Path                                                         ; Library ;
+-----------------------------------------+-----------------+-------------------------------------------------------+--------------------------------------------------------------------------------------+---------+
; ../../randomizer/randomizer.vhd         ; yes             ; User VHDL File                                        ; C:/altera/13.0sp1/randomizer/randomizer.vhd                                          ;         ;
; ../Register Module/Registers.vhd        ; yes             ; User VHDL File                                        ; C:/altera/13.0sp1/ProjetoOAC 1.0/Register Module/Registers.vhd                       ;         ;
; ../Operator Module/Operator.vhd         ; yes             ; User VHDL File                                        ; C:/altera/13.0sp1/ProjetoOAC 1.0/Operator Module/Operator.vhd                        ;         ;
; ../Cache Module/cache.vhd               ; yes             ; User VHDL File                                        ; C:/altera/13.0sp1/ProjetoOAC 1.0/Cache Module/cache.vhd                              ;         ;
; Main.vhd                                ; yes             ; User VHDL File                                        ; C:/altera/13.0sp1/ProjetoOAC 1.0/Main Module/Main.vhd                                ;         ;
; altsyncram.tdf                          ; yes             ; Megafunction                                          ; c:/altera/13.0sp1/quartus/libraries/megafunctions/altsyncram.tdf                     ;         ;
; stratix_ram_block.inc                   ; yes             ; Megafunction                                          ; c:/altera/13.0sp1/quartus/libraries/megafunctions/stratix_ram_block.inc              ;         ;
; lpm_mux.inc                             ; yes             ; Megafunction                                          ; c:/altera/13.0sp1/quartus/libraries/megafunctions/lpm_mux.inc                        ;         ;
; lpm_decode.inc                          ; yes             ; Megafunction                                          ; c:/altera/13.0sp1/quartus/libraries/megafunctions/lpm_decode.inc                     ;         ;
; aglobal130.inc                          ; yes             ; Megafunction                                          ; c:/altera/13.0sp1/quartus/libraries/megafunctions/aglobal130.inc                     ;         ;
; a_rdenreg.inc                           ; yes             ; Megafunction                                          ; c:/altera/13.0sp1/quartus/libraries/megafunctions/a_rdenreg.inc                      ;         ;
; altrom.inc                              ; yes             ; Megafunction                                          ; c:/altera/13.0sp1/quartus/libraries/megafunctions/altrom.inc                         ;         ;
; altram.inc                              ; yes             ; Megafunction                                          ; c:/altera/13.0sp1/quartus/libraries/megafunctions/altram.inc                         ;         ;
; altdpram.inc                            ; yes             ; Megafunction                                          ; c:/altera/13.0sp1/quartus/libraries/megafunctions/altdpram.inc                       ;         ;
; db/altsyncram_or61.tdf                  ; yes             ; Auto-Generated Megafunction                           ; C:/altera/13.0sp1/ProjetoOAC 1.0/Main Module/db/altsyncram_or61.tdf                  ;         ;
; db/main.rom0_registers_85ae553e.hdl.mif ; yes             ; Auto-Generated Auto-Found Memory Initialization File  ; C:/altera/13.0sp1/ProjetoOAC 1.0/Main Module/db/main.rom0_registers_85ae553e.hdl.mif ;         ;
+-----------------------------------------+-----------------+-------------------------------------------------------+--------------------------------------------------------------------------------------+---------+


+---------------------------------------------------------+
; Analysis & Synthesis Resource Usage Summary             ;
+---------------------------------------------+-----------+
; Resource                                    ; Usage     ;
+---------------------------------------------+-----------+
; Estimated Total logic elements              ; 87        ;
;                                             ;           ;
; Total combinational functions               ; 34        ;
; Logic element usage by number of LUT inputs ;           ;
;     -- 4 input functions                    ; 19        ;
;     -- 3 input functions                    ; 7         ;
;     -- <=2 input functions                  ; 8         ;
;                                             ;           ;
; Logic elements by mode                      ;           ;
;     -- normal mode                          ; 34        ;
;     -- arithmetic mode                      ; 0         ;
;                                             ;           ;
; Total registers                             ; 72        ;
;     -- Dedicated logic registers            ; 72        ;
;     -- I/O registers                        ; 0         ;
;                                             ;           ;
; I/O pins                                    ; 56        ;
; Total memory bits                           ; 1024      ;
; Embedded Multiplier 9-bit elements          ; 0         ;
; Maximum fan-out node                        ; clk~input ;
; Maximum fan-out                             ; 104       ;
; Total fan-out                               ; 598       ;
; Average fan-out                             ; 2.39      ;
+---------------------------------------------+-----------+


+------------------------------------------------------------------------------------------------------------------------------------------------------------------------------------------------------------------------------------------------+
; Analysis & Synthesis Resource Utilization by Entity                                                                                                                                                                                            ;
+-------------------------------------------+-------------------+--------------+-------------+--------------+---------+-----------+------+--------------+-------------------------------------------------------------------------+--------------+
; Compilation Hierarchy Node                ; LC Combinationals ; LC Registers ; Memory Bits ; DSP Elements ; DSP 9x9 ; DSP 18x18 ; Pins ; Virtual Pins ; Full Hierarchy Name                                                     ; Library Name ;
+-------------------------------------------+-------------------+--------------+-------------+--------------+---------+-----------+------+--------------+-------------------------------------------------------------------------+--------------+
; |Main                                     ; 34 (9)            ; 72 (48)      ; 1024        ; 0            ; 0       ; 0         ; 56   ; 0            ; |Main                                                                   ; work         ;
;    |Cache:C1|                             ; 21 (19)           ; 16 (11)      ; 0           ; 0            ; 0       ; 0         ; 0    ; 0            ; |Main|Cache:C1                                                          ; work         ;
;       |randomizer:R1|                     ; 2 (2)             ; 5 (5)        ; 0           ; 0            ; 0       ; 0         ; 0    ; 0            ; |Main|Cache:C1|randomizer:R1                                            ; work         ;
;    |Operator:O1|                          ; 4 (4)             ; 8 (8)        ; 0           ; 0            ; 0       ; 0         ; 0    ; 0            ; |Main|Operator:O1                                                       ; work         ;
;    |Registers:R1|                         ; 0 (0)             ; 0 (0)        ; 1024        ; 0            ; 0       ; 0         ; 0    ; 0            ; |Main|Registers:R1                                                      ; work         ;
;       |altsyncram:Ram0_rtl_0|             ; 0 (0)             ; 0 (0)        ; 1024        ; 0            ; 0       ; 0         ; 0    ; 0            ; |Main|Registers:R1|altsyncram:Ram0_rtl_0                                ; work         ;
;          |altsyncram_or61:auto_generated| ; 0 (0)             ; 0 (0)        ; 1024        ; 0            ; 0       ; 0         ; 0    ; 0            ; |Main|Registers:R1|altsyncram:Ram0_rtl_0|altsyncram_or61:auto_generated ; work         ;
+-------------------------------------------+-------------------+--------------+-------------+--------------+---------+-----------+------+--------------+-------------------------------------------------------------------------+--------------+
Note: For table entries with two numbers listed, the numbers in parentheses indicate the number of resources of the given type used by the specific entity alone. The numbers listed outside of parentheses indicate the total resources of the given type used by the specific entity and all of its sub-entities in the hierarchy.


+---------------------------------------------------------------------------------------------------------------------------------------------------------------------------------------------------------+
; Analysis & Synthesis RAM Summary                                                                                                                                                                        ;
+------------------------------------------------------------------------------+------+------+--------------+--------------+--------------+--------------+------+-----------------------------------------+
; Name                                                                         ; Type ; Mode ; Port A Depth ; Port A Width ; Port B Depth ; Port B Width ; Size ; MIF                                     ;
+------------------------------------------------------------------------------+------+------+--------------+--------------+--------------+--------------+------+-----------------------------------------+
; Registers:R1|altsyncram:Ram0_rtl_0|altsyncram_or61:auto_generated|ALTSYNCRAM ; AUTO ; ROM  ; 32           ; 32           ; --           ; --           ; 1024 ; db/Main.rom0_Registers_85ae553e.hdl.mif ;
+------------------------------------------------------------------------------+------+------+--------------+--------------+--------------+--------------+------+-----------------------------------------+


Encoding Type:  One-Hot
+---------------------------------------------------------+
; State Machine - |Main|State                             ;
+-----------+----------+-----------+-----------+----------+
; Name      ; State.Fa ; State.Bk8 ; State.Bk4 ; State.Dm ;
+-----------+----------+-----------+-----------+----------+
; State.Dm  ; 0        ; 0         ; 0         ; 0        ;
; State.Bk4 ; 0        ; 0         ; 1         ; 1        ;
; State.Bk8 ; 0        ; 1         ; 0         ; 1        ;
; State.Fa  ; 1        ; 0         ; 0         ; 1        ;
+-----------+----------+-----------+-----------+----------+


+------------------------------------------------------------------------------------------+
; Registers Removed During Synthesis                                                       ;
+----------------------------------------+-------------------------------------------------+
; Register name                          ; Reason for Removal                              ;
+----------------------------------------+-------------------------------------------------+
; Operator:O1|randomizer:R1|rand_temp[2] ; Merged with Cache:C1|randomizer:R1|rand_temp[2] ;
; Operator:O1|randomizer:R1|rand_temp[1] ; Merged with Cache:C1|randomizer:R1|rand_temp[1] ;
; Operator:O1|randomizer:R1|rand_temp[0] ; Merged with Cache:C1|randomizer:R1|rand_temp[0] ;
; Operator:O1|randomizer:R1|rand_temp[3] ; Merged with Cache:C1|randomizer:R1|rand_temp[3] ;
; Operator:O1|randomizer:R1|rand_temp[4] ; Merged with Cache:C1|randomizer:R1|rand_temp[4] ;
; Cache:C1|Corrige[3]                    ; Stuck at GND due to stuck port data_in          ;
; Total Number of Removed Registers = 6  ;                                                 ;
+----------------------------------------+-------------------------------------------------+


+------------------------------------------------------+
; General Register Statistics                          ;
+----------------------------------------------+-------+
; Statistic                                    ; Value ;
+----------------------------------------------+-------+
; Total registers                              ; 72    ;
; Number of registers using Synchronous Clear  ; 0     ;
; Number of registers using Synchronous Load   ; 0     ;
; Number of registers using Asynchronous Clear ; 4     ;
; Number of registers using Asynchronous Load  ; 0     ;
; Number of registers using Clock Enable       ; 48    ;
; Number of registers using Preset             ; 0     ;
+----------------------------------------------+-------+


+--------------------------------------------------+
; Inverted Register Statistics                     ;
+----------------------------------------+---------+
; Inverted Register                      ; Fan out ;
+----------------------------------------+---------+
; Cache:C1|randomizer:R1|rand_temp[4]    ; 1       ;
; Total number of inverted registers = 1 ;         ;
+----------------------------------------+---------+


+--------------------------------------------------------------+
; Registers Packed Into Inferred Megafunctions                 ;
+-----------------------------+-------------------------+------+
; Register Name               ; Megafunction            ; Type ;
+-----------------------------+-------------------------+------+
; Registers:R1|reg_out[0..31] ; Registers:R1|Ram0_rtl_0 ; RAM  ;
+-----------------------------+-------------------------+------+


+--------------------------------------------------------------------------------------------------------------------------------------------+
; Multiplexer Restructuring Statistics (Restructuring Performed)                                                                             ;
+--------------------+-----------+---------------+----------------------+------------------------+------------+------------------------------+
; Multiplexer Inputs ; Bus Width ; Baseline Area ; Area if Restructured ; Saving if Restructured ; Registered ; Example Multiplexer Output   ;
+--------------------+-----------+---------------+----------------------+------------------------+------------+------------------------------+
; 4:1                ; 2 bits    ; 4 LEs         ; 4 LEs                ; 0 LEs                  ; Yes        ; |Main|Operator:O1|Corrige[2] ;
; 5:1                ; 4 bits    ; 12 LEs        ; 0 LEs                ; 12 LEs                 ; Yes        ; |Main|Cache:C1|Final_Pos[0]  ;
+--------------------+-----------+---------------+----------------------+------------------------+------------+------------------------------+


+------------------------------------------------------------------------------------------+
; Source assignments for Registers:R1|altsyncram:Ram0_rtl_0|altsyncram_or61:auto_generated ;
+---------------------------------+--------------------+------+----------------------------+
; Assignment                      ; Value              ; From ; To                         ;
+---------------------------------+--------------------+------+----------------------------+
; OPTIMIZE_POWER_DURING_SYNTHESIS ; NORMAL_COMPILATION ; -    ; -                          ;
+---------------------------------+--------------------+------+----------------------------+


+-----------------------------------------------------------------------------------------------+
; Parameter Settings for Inferred Entity Instance: Registers:R1|altsyncram:Ram0_rtl_0           ;
+------------------------------------+-----------------------------------------+----------------+
; Parameter Name                     ; Value                                   ; Type           ;
+------------------------------------+-----------------------------------------+----------------+
; BYTE_SIZE_BLOCK                    ; 8                                       ; Untyped        ;
; AUTO_CARRY_CHAINS                  ; ON                                      ; AUTO_CARRY     ;
; IGNORE_CARRY_BUFFERS               ; OFF                                     ; IGNORE_CARRY   ;
; AUTO_CASCADE_CHAINS                ; ON                                      ; AUTO_CASCADE   ;
; IGNORE_CASCADE_BUFFERS             ; OFF                                     ; IGNORE_CASCADE ;
; WIDTH_BYTEENA                      ; 1                                       ; Untyped        ;
; OPERATION_MODE                     ; ROM                                     ; Untyped        ;
; WIDTH_A                            ; 32                                      ; Untyped        ;
; WIDTHAD_A                          ; 5                                       ; Untyped        ;
; NUMWORDS_A                         ; 32                                      ; Untyped        ;
; OUTDATA_REG_A                      ; UNREGISTERED                            ; Untyped        ;
; ADDRESS_ACLR_A                     ; NONE                                    ; Untyped        ;
; OUTDATA_ACLR_A                     ; NONE                                    ; Untyped        ;
; WRCONTROL_ACLR_A                   ; NONE                                    ; Untyped        ;
; INDATA_ACLR_A                      ; NONE                                    ; Untyped        ;
; BYTEENA_ACLR_A                     ; NONE                                    ; Untyped        ;
; WIDTH_B                            ; 1                                       ; Untyped        ;
; WIDTHAD_B                          ; 1                                       ; Untyped        ;
; NUMWORDS_B                         ; 1                                       ; Untyped        ;
; INDATA_REG_B                       ; CLOCK1                                  ; Untyped        ;
; WRCONTROL_WRADDRESS_REG_B          ; CLOCK1                                  ; Untyped        ;
; RDCONTROL_REG_B                    ; CLOCK1                                  ; Untyped        ;
; ADDRESS_REG_B                      ; CLOCK1                                  ; Untyped        ;
; OUTDATA_REG_B                      ; UNREGISTERED                            ; Untyped        ;
; BYTEENA_REG_B                      ; CLOCK1                                  ; Untyped        ;
; INDATA_ACLR_B                      ; NONE                                    ; Untyped        ;
; WRCONTROL_ACLR_B                   ; NONE                                    ; Untyped        ;
; ADDRESS_ACLR_B                     ; NONE                                    ; Untyped        ;
; OUTDATA_ACLR_B                     ; NONE                                    ; Untyped        ;
; RDCONTROL_ACLR_B                   ; NONE                                    ; Untyped        ;
; BYTEENA_ACLR_B                     ; NONE                                    ; Untyped        ;
; WIDTH_BYTEENA_A                    ; 1                                       ; Untyped        ;
; WIDTH_BYTEENA_B                    ; 1                                       ; Untyped        ;
; RAM_BLOCK_TYPE                     ; AUTO                                    ; Untyped        ;
; BYTE_SIZE                          ; 8                                       ; Untyped        ;
; READ_DURING_WRITE_MODE_MIXED_PORTS ; DONT_CARE                               ; Untyped        ;
; READ_DURING_WRITE_MODE_PORT_A      ; NEW_DATA_NO_NBE_READ                    ; Untyped        ;
; READ_DURING_WRITE_MODE_PORT_B      ; NEW_DATA_NO_NBE_READ                    ; Untyped        ;
; INIT_FILE                          ; db/Main.rom0_Registers_85ae553e.hdl.mif ; Untyped        ;
; INIT_FILE_LAYOUT                   ; PORT_A                                  ; Untyped        ;
; MAXIMUM_DEPTH                      ; 0                                       ; Untyped        ;
; CLOCK_ENABLE_INPUT_A               ; NORMAL                                  ; Untyped        ;
; CLOCK_ENABLE_INPUT_B               ; NORMAL                                  ; Untyped        ;
; CLOCK_ENABLE_OUTPUT_A              ; NORMAL                                  ; Untyped        ;
; CLOCK_ENABLE_OUTPUT_B              ; NORMAL                                  ; Untyped        ;
; CLOCK_ENABLE_CORE_A                ; USE_INPUT_CLKEN                         ; Untyped        ;
; CLOCK_ENABLE_CORE_B                ; USE_INPUT_CLKEN                         ; Untyped        ;
; ENABLE_ECC                         ; FALSE                                   ; Untyped        ;
; ECC_PIPELINE_STAGE_ENABLED         ; FALSE                                   ; Untyped        ;
; WIDTH_ECCSTATUS                    ; 3                                       ; Untyped        ;
; DEVICE_FAMILY                      ; Cyclone IV E                            ; Untyped        ;
; CBXI_PARAMETER                     ; altsyncram_or61                         ; Untyped        ;
+------------------------------------+-----------------------------------------+----------------+
Note: In order to hide this table in the UI and the text report file, please set the "Show Parameter Settings in Synthesis Report" option in "Analysis and Synthesis Settings -> More Settings" to "Off".


+--------------------------------------------------------------------------------+
; altsyncram Parameter Settings by Entity Instance                               ;
+-------------------------------------------+------------------------------------+
; Name                                      ; Value                              ;
+-------------------------------------------+------------------------------------+
; Number of entity instances                ; 1                                  ;
; Entity Instance                           ; Registers:R1|altsyncram:Ram0_rtl_0 ;
;     -- OPERATION_MODE                     ; ROM                                ;
;     -- WIDTH_A                            ; 32                                 ;
;     -- NUMWORDS_A                         ; 32                                 ;
;     -- OUTDATA_REG_A                      ; UNREGISTERED                       ;
;     -- WIDTH_B                            ; 1                                  ;
;     -- NUMWORDS_B                         ; 1                                  ;
;     -- ADDRESS_REG_B                      ; CLOCK1                             ;
;     -- OUTDATA_REG_B                      ; UNREGISTERED                       ;
;     -- RAM_BLOCK_TYPE                     ; AUTO                               ;
;     -- READ_DURING_WRITE_MODE_MIXED_PORTS ; DONT_CARE                          ;
+-------------------------------------------+------------------------------------+


+----------------------------------------------------------------------------------------------------------------------------+
; Port Connectivity Checks: "Cache:C1|randomizer:R1"                                                                         ;
+------------------+--------+----------+-------------------------------------------------------------------------------------+
; Port             ; Type   ; Severity ; Details                                                                             ;
+------------------+--------+----------+-------------------------------------------------------------------------------------+
; random_num[4..3] ; Output ; Info     ; Connected to dangling logic. Logic that only feeds a dangling port will be removed. ;
+------------------+--------+----------+-------------------------------------------------------------------------------------+


+------------------------------------------------------------------------------------------------------------------------------------------+
; Port Connectivity Checks: "Cache:C1"                                                                                                     ;
+-----------+--------+----------+----------------------------------------------------------------------------------------------------------+
; Port      ; Type   ; Severity ; Details                                                                                                  ;
+-----------+--------+----------+----------------------------------------------------------------------------------------------------------+
; p_sel_out ; Output ; Warning  ; Declared by entity but not connected by instance. Logic that only feeds a dangling port will be removed. ;
+-----------+--------+----------+----------------------------------------------------------------------------------------------------------+


+-------------------------------------------------------------------------------------------------------------------------+
; Port Connectivity Checks: "Operator:O1|randomizer:R1"                                                                   ;
+---------------+--------+----------+-------------------------------------------------------------------------------------+
; Port          ; Type   ; Severity ; Details                                                                             ;
+---------------+--------+----------+-------------------------------------------------------------------------------------+
; random_num[4] ; Output ; Info     ; Connected to dangling logic. Logic that only feeds a dangling port will be removed. ;
+---------------+--------+----------+-------------------------------------------------------------------------------------+


+-------------------------------+
; Elapsed Time Per Partition    ;
+----------------+--------------+
; Partition Name ; Elapsed Time ;
+----------------+--------------+
; Top            ; 00:00:01     ;
+----------------+--------------+


+-------------------------------+
; Analysis & Synthesis Messages ;
+-------------------------------+
Info: *******************************************************************
Info: Running Quartus II 64-Bit Analysis & Synthesis
    Info: Version 13.0.1 Build 232 06/12/2013 Service Pack 1 SJ Web Edition
    Info: Processing started: Tue Jun 10 07:49:07 2014
Info: Command: quartus_map --read_settings_files=on --write_settings_files=off Main -c Main
Warning (20028): Parallel compilation is not licensed and has been disabled
Info (12021): Found 2 design units, including 1 entities, in source file /altera/13.0sp1/randomizer/randomizer.vhd
    Info (12022): Found design unit 1: randomizer-Behavioral
    Info (12023): Found entity 1: randomizer
Info (12021): Found 2 design units, including 1 entities, in source file /altera/13.0sp1/projetooac 1.0/register module/registers.vhd
    Info (12022): Found design unit 1: Registers-behavior
    Info (12023): Found entity 1: Registers
Info (12021): Found 2 design units, including 1 entities, in source file /altera/13.0sp1/projetooac 1.0/operator module/operator.vhd
    Info (12022): Found design unit 1: Operator-Structural
    Info (12023): Found entity 1: Operator
Info (12021): Found 2 design units, including 1 entities, in source file /altera/13.0sp1/projetooac 1.0/cache module/cache.vhd
    Info (12022): Found design unit 1: Cache-behavior
    Info (12023): Found entity 1: Cache
Info (12021): Found 2 design units, including 1 entities, in source file main.vhd
    Info (12022): Found design unit 1: Main-arc
    Info (12023): Found entity 1: Main
Info (12127): Elaborating entity "Main" for the top level hierarchy
Info (12128): Elaborating entity "Registers" for hierarchy "Registers:R1"
Warning (10540): VHDL Signal Declaration warning at Registers.vhd(14): used explicit default value for signal "reg0" because signal was never assigned a value
Warning (10540): VHDL Signal Declaration warning at Registers.vhd(15): used explicit default value for signal "reg1" because signal was never assigned a value
Warning (10540): VHDL Signal Declaration warning at Registers.vhd(16): used explicit default value for signal "reg2" because signal was never assigned a value
Warning (10540): VHDL Signal Declaration warning at Registers.vhd(17): used explicit default value for signal "reg3" because signal was never assigned a value
Warning (10540): VHDL Signal Declaration warning at Registers.vhd(18): used explicit default value for signal "reg4" because signal was never assigned a value
Warning (10540): VHDL Signal Declaration warning at Registers.vhd(19): used explicit default value for signal "reg5" because signal was never assigned a value
Warning (10540): VHDL Signal Declaration warning at Registers.vhd(20): used explicit default value for signal "reg6" because signal was never assigned a value
Warning (10540): VHDL Signal Declaration warning at Registers.vhd(21): used explicit default value for signal "reg7" because signal was never assigned a value
Warning (10540): VHDL Signal Declaration warning at Registers.vhd(22): used explicit default value for signal "reg8" because signal was never assigned a value
Warning (10540): VHDL Signal Declaration warning at Registers.vhd(23): used explicit default value for signal "reg9" because signal was never assigned a value
Warning (10540): VHDL Signal Declaration warning at Registers.vhd(24): used explicit default value for signal "reg10" because signal was never assigned a value
Warning (10540): VHDL Signal Declaration warning at Registers.vhd(25): used explicit default value for signal "reg11" because signal was never assigned a value
Warning (10540): VHDL Signal Declaration warning at Registers.vhd(26): used explicit default value for signal "reg12" because signal was never assigned a value
Warning (10540): VHDL Signal Declaration warning at Registers.vhd(27): used explicit default value for signal "reg13" because signal was never assigned a value
Warning (10540): VHDL Signal Declaration warning at Registers.vhd(28): used explicit default value for signal "reg14" because signal was never assigned a value
Warning (10540): VHDL Signal Declaration warning at Registers.vhd(29): used explicit default value for signal "reg15" because signal was never assigned a value
Warning (10540): VHDL Signal Declaration warning at Registers.vhd(30): used explicit default value for signal "reg16" because signal was never assigned a value
Warning (10540): VHDL Signal Declaration warning at Registers.vhd(31): used explicit default value for signal "reg17" because signal was never assigned a value
Warning (10540): VHDL Signal Declaration warning at Registers.vhd(32): used explicit default value for signal "reg18" because signal was never assigned a value
Warning (10540): VHDL Signal Declaration warning at Registers.vhd(33): used explicit default value for signal "reg19" because signal was never assigned a value
Warning (10540): VHDL Signal Declaration warning at Registers.vhd(34): used explicit default value for signal "reg20" because signal was never assigned a value
Warning (10540): VHDL Signal Declaration warning at Registers.vhd(35): used explicit default value for signal "reg21" because signal was never assigned a value
Warning (10540): VHDL Signal Declaration warning at Registers.vhd(36): used explicit default value for signal "reg22" because signal was never assigned a value
Warning (10540): VHDL Signal Declaration warning at Registers.vhd(37): used explicit default value for signal "reg23" because signal was never assigned a value
Warning (10540): VHDL Signal Declaration warning at Registers.vhd(38): used explicit default value for signal "reg24" because signal was never assigned a value
Warning (10540): VHDL Signal Declaration warning at Registers.vhd(39): used explicit default value for signal "reg25" because signal was never assigned a value
Warning (10540): VHDL Signal Declaration warning at Registers.vhd(40): used explicit default value for signal "reg26" because signal was never assigned a value
Warning (10540): VHDL Signal Declaration warning at Registers.vhd(41): used explicit default value for signal "reg27" because signal was never assigned a value
Warning (10540): VHDL Signal Declaration warning at Registers.vhd(42): used explicit default value for signal "reg28" because signal was never assigned a value
Warning (10540): VHDL Signal Declaration warning at Registers.vhd(43): used explicit default value for signal "reg29" because signal was never assigned a value
Warning (10540): VHDL Signal Declaration warning at Registers.vhd(44): used explicit default value for signal "reg30" because signal was never assigned a value
Warning (10540): VHDL Signal Declaration warning at Registers.vhd(45): used explicit default value for signal "reg31" because signal was never assigned a value
Info (12128): Elaborating entity "Operator" for hierarchy "Operator:O1"
Info (12128): Elaborating entity "randomizer" for hierarchy "Operator:O1|randomizer:R1"
Info (12128): Elaborating entity "Cache" for hierarchy "Cache:C1"
Warning (10541): VHDL Signal Declaration warning at cache.vhd(10): used implicit default value for signal "P_sel_out" because signal was never assigned a value or an explicit default value. Use of implicit default value may introduce unintended design optimizations.
Warning (10036): Verilog HDL or VHDL warning at cache.vhd(30): object "cache0" assigned a value but never read
Warning (10036): Verilog HDL or VHDL warning at cache.vhd(31): object "cache1" assigned a value but never read
Warning (10036): Verilog HDL or VHDL warning at cache.vhd(32): object "cache2" assigned a value but never read
Warning (10036): Verilog HDL or VHDL warning at cache.vhd(33): object "cache3" assigned a value but never read
Warning (10036): Verilog HDL or VHDL warning at cache.vhd(35): object "cache4" assigned a value but never read
Warning (10036): Verilog HDL or VHDL warning at cache.vhd(36): object "cache5" assigned a value but never read
Warning (10036): Verilog HDL or VHDL warning at cache.vhd(37): object "cache6" assigned a value but never read
Warning (10036): Verilog HDL or VHDL warning at cache.vhd(38): object "cache7" assigned a value but never read
Warning (10036): Verilog HDL or VHDL warning at cache.vhd(40): object "cache8" assigned a value but never read
Warning (10036): Verilog HDL or VHDL warning at cache.vhd(41): object "cache9" assigned a value but never read
Warning (10036): Verilog HDL or VHDL warning at cache.vhd(42): object "cache10" assigned a value but never read
Warning (10036): Verilog HDL or VHDL warning at cache.vhd(43): object "cache11" assigned a value but never read
Warning (10036): Verilog HDL or VHDL warning at cache.vhd(45): object "cache12" assigned a value but never read
Warning (10036): Verilog HDL or VHDL warning at cache.vhd(46): object "cache13" assigned a value but never read
Warning (10036): Verilog HDL or VHDL warning at cache.vhd(47): object "cache14" assigned a value but never read
Warning (10036): Verilog HDL or VHDL warning at cache.vhd(48): object "cache15" assigned a value but never read
Info (19000): Inferred 1 megafunctions from design logic
    Info (276029): Inferred altsyncram megafunction from the following design logic: "Registers:R1|Ram0_rtl_0" 
        Info (286033): Parameter OPERATION_MODE set to ROM
        Info (286033): Parameter WIDTH_A set to 32
        Info (286033): Parameter WIDTHAD_A set to 5
        Info (286033): Parameter NUMWORDS_A set to 32
        Info (286033): Parameter OUTDATA_REG_A set to UNREGISTERED
        Info (286033): Parameter ADDRESS_ACLR_A set to NONE
        Info (286033): Parameter OUTDATA_ACLR_A set to NONE
        Info (286033): Parameter INDATA_ACLR_A set to NONE
        Info (286033): Parameter WRCONTROL_ACLR_A set to NONE
        Info (286033): Parameter INIT_FILE set to db/Main.rom0_Registers_85ae553e.hdl.mif
Info (12130): Elaborated megafunction instantiation "Registers:R1|altsyncram:Ram0_rtl_0"
Info (12133): Instantiated megafunction "Registers:R1|altsyncram:Ram0_rtl_0" with the following parameter:
    Info (12134): Parameter "OPERATION_MODE" = "ROM"
    Info (12134): Parameter "WIDTH_A" = "32"
    Info (12134): Parameter "WIDTHAD_A" = "5"
    Info (12134): Parameter "NUMWORDS_A" = "32"
    Info (12134): Parameter "OUTDATA_REG_A" = "UNREGISTERED"
    Info (12134): Parameter "ADDRESS_ACLR_A" = "NONE"
    Info (12134): Parameter "OUTDATA_ACLR_A" = "NONE"
    Info (12134): Parameter "INDATA_ACLR_A" = "NONE"
    Info (12134): Parameter "WRCONTROL_ACLR_A" = "NONE"
    Info (12134): Parameter "INIT_FILE" = "db/Main.rom0_Registers_85ae553e.hdl.mif"
Info (12021): Found 1 design units, including 1 entities, in source file db/altsyncram_or61.tdf
    Info (12023): Found entity 1: altsyncram_or61
Warning (12241): 1 hierarchies have connectivity warnings - see the Connectivity Checks report folder
Info (286030): Timing-Driven Synthesis is running
Info (16010): Generating hard_block partition "hard_block:auto_generated_inst"
    Info (16011): Adding 0 node(s), including 0 DDIO, 0 PLL, 0 transceiver and 0 LCELL
Warning (21074): Design contains 1 input pin(s) that do not drive logic
    Warning (15610): No output dependent on input pin "Miss_Ratio[0]"
Info (21057): Implemented 177 device resources after synthesis - the final resource count might be different
    Info (21058): Implemented 14 input pins
    Info (21059): Implemented 42 output pins
    Info (21061): Implemented 89 logic cells
    Info (21064): Implemented 32 RAM segments
Info: Quartus II 64-Bit Analysis & Synthesis was successful. 0 errors, 53 warnings
    Info: Peak virtual memory: 526 megabytes
    Info: Processing ended: Tue Jun 10 07:49:11 2014
    Info: Elapsed time: 00:00:04
    Info: Total CPU time (on all processors): 00:00:03


